[2026-02-22T01:40:33.669Z] Received skill publish request: react.js for beginners (Category: Programming & Development, Cost: 1)
[2026-02-22T01:40:38.543Z] Received skill publish request: react.js for beginners (Category: Programming & Development, Cost: 1)
[2026-02-22T01:41:33.000Z] DB: Connecting to MongoDB...
[2026-02-22T01:42:04.069Z] DB: Connecting to MongoDB...
[2026-02-22T01:42:08.824Z] DB: MongoDB Atlas connected successfully
[2026-02-22T01:42:20.627Z] DB: Connecting to MongoDB...
[2026-02-22T01:42:23.744Z] DB: MongoDB Atlas connected successfully
[2026-02-22T01:42:52.388Z] DB: Connecting to MongoDB...
[2026-02-22T01:42:57.928Z] DB: MongoDB Atlas connected successfully
[2026-02-22T01:43:16.308Z] Attempting Google login with token segment count: 2
[2026-02-22T01:43:45.166Z] Received skill publish request: React.js for beginners (Category: Programming & Development, Cost: 1)
[2026-02-22T01:43:45.167Z] Finding user 699a5f34834c705c2ee5d3a5...
[2026-02-22T01:43:45.250Z] User found: souu2909@gmail.com. Checking duplicates for React.js for beginners...
[2026-02-22T01:43:45.257Z] Successfully added skill to user object. Upgrading...
[2026-02-22T01:43:45.258Z] Saving user...
[2026-02-22T01:43:45.351Z] User saved successfully. Sending response.
[2026-02-22T01:46:34.272Z] DB: Connecting to MongoDB...
[2026-02-22T01:46:39.036Z] DB: MongoDB Atlas connected successfully
[2026-02-22T01:48:17.551Z] Attempting Google login with token segment count: 2
[2026-02-22T01:50:09.296Z] Received skill publish request: full stack web development with mern (Category: Programming & Development, Cost: 1)
[2026-02-22T01:50:09.297Z] Finding user 699a5f34834c705c2ee5d3a5...
[2026-02-22T01:50:09.385Z] User found: souu2909@gmail.com. Checking duplicates for full stack web development with mern...
[2026-02-22T01:50:09.395Z] Successfully added skill to user object. Upgrading...
[2026-02-22T01:50:09.396Z] Saving user...
[2026-02-22T01:50:09.495Z] User saved successfully. Sending response.
[2026-02-22T01:56:32.299Z] DB: Connecting to MongoDB...
[2026-02-22T01:56:36.441Z] DB: MongoDB Atlas connected successfully
[2026-02-22T01:57:17.602Z] Attempting Google login with token segment count: 2
[2026-02-22T02:00:12.187Z] SESS: Booking attempt: Requester 699a5f34834c705c2ee5d3a5 -> Teacher 699a5f34834c705c2ee5d3a5 for skill "General Mentorship"
[2026-02-22T02:01:19.458Z] DB: Connecting to MongoDB...
[2026-02-22T02:01:23.262Z] DB: MongoDB Atlas connected successfully
[2026-02-22T02:01:58.906Z] DB: Connecting to MongoDB...
[2026-02-22T02:02:01.968Z] DB: MongoDB Atlas connected successfully
[2026-02-22T02:03:25.281Z] SESS: Booking attempt: Requester 699a5f34834c705c2ee5d3a5 -> Teacher 699a5f34834c705c2ee5d3a5 for skill "React.js for beginners"
[2026-02-22T02:03:25.354Z] SESS: Teacher skill found. Proceeding with booking.
[2026-02-22T02:03:25.589Z] SESS: Session created successfully: 699a63ed5fc14dd7323b6321
[2026-02-22T02:06:03.922Z] DB: Connecting to MongoDB...
[2026-02-22T02:06:07.674Z] DB: MongoDB Atlas connected successfully
[2026-02-22T02:06:25.620Z] DB: Connecting to MongoDB...
[2026-02-22T02:06:30.889Z] DB: MongoDB Atlas connected successfully
[2026-02-22T02:06:46.001Z] DB: Connecting to MongoDB...
[2026-02-22T02:06:49.222Z] DB: MongoDB Atlas connected successfully
[2026-02-22T02:09:44.606Z] DB: Connecting to MongoDB...
[2026-02-22T02:09:48.295Z] DB: MongoDB Atlas connected successfully
[2026-02-22T02:10:29.682Z] DB: Connecting to MongoDB...
[2026-02-22T02:10:31.543Z] DB: Connecting to MongoDB...
[2026-02-22T02:10:33.672Z] DB: Connecting to MongoDB...
[2026-02-22T02:10:39.276Z] DB: MongoDB Atlas connected successfully
[2026-02-22T02:12:27.070Z] DB: Connecting to MongoDB...
[2026-02-22T02:12:30.070Z] DB: MongoDB Atlas connected successfully
[2026-02-22T02:47:56.600Z] DB: Connecting to MongoDB...
[2026-02-22T02:47:58.750Z] DB: Connecting to MongoDB...
[2026-02-22T02:48:01.964Z] DB: MongoDB Atlas connected successfully
[2026-02-22T02:48:07.798Z] DB: Connecting to MongoDB...
[2026-02-22T02:48:11.469Z] DB: MongoDB Atlas connected successfully
[2026-02-22T02:48:26.288Z] DB: Connecting to MongoDB...
[2026-02-22T02:48:28.345Z] DB: Connecting to MongoDB...
[2026-02-22T02:48:31.230Z] DB: MongoDB Atlas connected successfully
[2026-02-22T02:49:08.656Z] DB: Connecting to MongoDB...
[2026-02-22T02:49:12.377Z] DB: MongoDB Atlas connected successfully
[2026-02-22T03:20:23.283Z] Attempting Google login with token segment count: 2
